Arguments: 
  C:\Program Files\nodejs\node.exe C:\Users\33131\AppData\Roaming\npm\node_modules\yarn\bin\yarn.js add wechat jssha xml2js --save-dev

PATH: 
  C:\Program Files\Git\mingw64\bin;C:\Program Files\Git\usr\bin;C:\Users\33131\bin;C:\Program Files (x86)\Intel\Intel(R) Management Engine Components\iCLS;C:\Program Files\Intel\Intel(R) Management Engine Components\iCLS;C:\Windows\System32;C:\Windows;C:\Windows\System32\wbem;C:\Windows\System32\WindowsPowerShell\v1.0;C:\Windows\System32\OpenSSH;C:\Program Files (x86)\Intel\Intel(R) Management Engine Components\DAL;C:\Program Files\Intel\Intel(R) Management Engine Components\DAL;C:\Program Files (x86)\Intel\Intel(R) Management Engine Components\IPT;C:\Program Files\Intel\Intel(R) Management Engine Components\IPT;C:\Program Files\Git\cmd;C:\Program Files\nodejs;C:\Users\33131\AppData\Roaming\Microsoft\Windows\Start Menu\Programs;C:\Program Files\MongoDB\Server\4.0\bin;*;C:\Program Files\Git\软件安装包\HBuilderX.1.9.9.20190522.full\HBuilderX\plugins\launcher\tools\adbs;D:\kui-java\jdk1.8.0_91\bin;D:\kui-java\jdk1.8.0_91\jre\bin;C:\Program Files\nodejs;C:\Users\33131\AppData\Local\Microsoft\WindowsApps;C:\Users\33131\AppData\Local\Programs\Microsoft VS Code\bin;C:\Program Files\nodejs;C:\Users\33131\AppData\Roaming\Microsoft\Windows\Start Menu\Programs;C:\Users\33131\AppData\Roaming\npm

Yarn version: 
  1.15.2

Node version: 
  12.18.3

Platform: 
  win32 x64

Trace: 
  Error: ENOENT: no such file or directory, copyfile 'C:\Users\33131\AppData\Local\Yarn\Cache\v4\npm-statuses-1.5.0-161c7dac177659fd9811f43771fa99381478628c\node_modules\statuses\codes.json' -> 'D:\git-nodeProgram\uni-app-node\node_modules\body-parser\node_modules\statuses\codes.json'

npm manifest: 
  {
    "name": "nodedemo",
    "version": "0.0.0",
    "private": true,
    "scripts": {
      "start": "node ./bin/www"
    },
    "dependencies": {
      "body-parser": "^1.19.0",
      "cookie-parser": "~1.4.4",
      "cors": "^2.8.5",
      "debug": "~2.6.9",
      "ejs": "~2.6.1",
      "express": "~4.16.1",
      "http-errors": "~1.6.3",
      "mongoose": "^5.5.13",
      "morgan": "~1.9.1",
      "mysql": "^2.17.1",
      "nodemon": "^1.19.1",
      "querystring": "^0.2.0",
      "request": "^2.88.0",
      "require": "^2.4.20",
      "socket.io": "^2.3.0",
      "underscore": "^1.9.1",
      "uuid": "^3.3.2"
    }
  }

yarn manifest: 
  No manifest

Lockfile: 
  No lockfile
